<?xml version="1.0" encoding="UTF-8"?>
<testsuite xmlns:xsi="http://www.w3.org/2001/XMLSchema-instance" xsi:noNamespaceSchemaLocation="https://maven.apache.org/surefire/maven-surefire-plugin/xsd/surefire-test-report.xsd" name="Runner.TestRunner" time="0.902" tests="1" errors="1" skipped="0" failures="0">
  <properties>
[...]
</properties>
  <testcase name="initializationError" classname="Runner.TestRunner" time="0">
    <error message="cucumber.runtime.RuntimeOptions.getJunitOptions()Ljava/util/List;" type="java.lang.NoSuchMethodError">java.lang.NoSuchMethodError: cucumber.runtime.RuntimeOptions.getJunitOptions()Ljava/util/List;
</error>
    <system-out><![CDATA[Expected only one instance, but found too many: [cucumber.runtime.SerenityObjectFactory@210ab13f, cucumber.runtime.java.picocontainer.PicoFactory@20b2475a]
More than one Cucumber ObjectFactory was found in the classpath

You probably may have included, for instance, cucumber-spring AND cucumber-guice as part of
your dependencies. When this happens, Cucumber falls back to instantiating the
DefaultJavaObjectFactory implementation which doesn't provide IoC.
In order to enjoy IoC features, please remove the unnecessary dependencies from your classpath.

]]></system-out>
    <system-err><![CDATA[SLF4J: Failed to load class "org.slf4j.impl.StaticLoggerBinder".
SLF4J: Defaulting to no-operation (NOP) logger implementation
SLF4J: See http://www.slf4j.org/codes.html#StaticLoggerBinder for further details.
]]></system-err>
  </testcase>
</testsuite>